-------------------------------------------------------------------------------
Test set: ru.netology.statistic.StatisticsServiceTest
-------------------------------------------------------------------------------
Tests run: 2, Failures: 1, Errors: 0, Skipped: 0, Time elapsed: 0.066 s <<< FAILURE! - in ru.netology.statistic.StatisticsServiceTest
findMaxifcurrentMax  Time elapsed: 0.016 s  <<< FAILURE!
org.opentest4j.AssertionFailedError: expected: <11> but was: <12>
	at ru.netology.statistic.StatisticsServiceTest.findMaxifcurrentMax(StatisticsServiceTest.java:27)

